<?xml version="1.0" encoding="UTF-8"?>
<!-- Generated by org.testng.reporters.JUnitXMLReporter -->
<testsuite ignored="0" hostname="DESKTOP-DK11ELA" failures="0" tests="6" name="Default test" time="140.752" errors="0" timestamp="2026-06-25T10:14:17 IST">
  <testcase classname="testCases.JharkhandVenue_loginTest" name="loginAdmin" time="6.794"/>
  <testcase classname="testCases.JharkhandVenue_loginTest" name="createCluster" time="23.326"/>
  <testcase classname="testCases.JharkhandVenue_loginTest" name="CreateVenue" time="31.996"/>
  <testcase classname="testCases.JharkhandVenue_loginTest" name="createFacilities" time="26.923"/>
  <testcase classname="testCases.JharkhandVenue_loginTest" name="createZone" time="19.572"/>
  <testcase classname="testCases.JharkhandVenue_loginTest" name="createModuleManager" time="23.425"/>
</testsuite> <!-- Default test -->
