<?xml version="1.0" encoding="UTF-8"?>
<!-- Generated by org.testng.reporters.JUnitXMLReporter -->
<testsuite ignored="0" hostname="DESKTOP-DK11ELA" failures="0" tests="3" name="Edge" time="97.646" errors="0" timestamp="2026-06-02T11:49:30 IST">
  <testcase classname="testCases.LoginTest" name="loginAdmin" time="8.355"/>
  <testcase classname="testCases.LoginTest" name="createCluster" time="25.799"/>
  <testcase classname="testCases.LoginTest" name="CreateVenue" time="44.401"/>
</testsuite> <!-- Edge -->
