<?xml version="1.0" encoding="UTF-8"?>
<!-- Generated by org.testng.reporters.JUnitXMLReporter -->
<testsuite ignored="0" hostname="DESKTOP-DK11ELA" failures="0" tests="3" name="Test" time="89.906" errors="0" timestamp="2026-06-02T11:47:34 IST">
  <testcase classname="testCases.LoginTest" name="loginAdmin" time="7.93"/>
  <testcase classname="testCases.LoginTest" name="createCluster" time="25.627"/>
  <testcase classname="testCases.LoginTest" name="CreateVenue" time="44.498"/>
</testsuite> <!-- Test -->
