<?xml version="1.0" encoding="UTF-8"?>
<testng-results ignored="0" total="2" passed="2" failed="0" skipped="0">
  <reporter-output>
  </reporter-output>
  <suite started-at="2026-05-27T16:11:18 IST" name="Default suite" finished-at="2026-05-27T16:12:01 IST" duration-ms="43303">
    <groups>
    </groups>
    <test started-at="2026-05-27T16:11:18 IST" name="Default test" finished-at="2026-05-27T16:12:01 IST" duration-ms="43303">
      <class name="testCases.LoginTest">
        <test-method is-config="true" signature="loginApp()[pri:0, instance:testCases.LoginTest@64a8c844]" started-at="2026-05-27T16:11:18 IST" name="loginApp" finished-at="2026-05-27T16:11:26 IST" duration-ms="7606" status="PASS">
          <reporter-output>
          </reporter-output>
        </test-method> <!-- loginApp -->
        <test-method signature="loginAdmin()[pri:1, instance:testCases.LoginTest@64a8c844]" started-at="2026-05-27T16:11:26 IST" name="loginAdmin" finished-at="2026-05-27T16:11:35 IST" duration-ms="8784" status="PASS">
          <reporter-output>
          </reporter-output>
        </test-method> <!-- loginAdmin -->
        <test-method signature="create()[pri:2, instance:testCases.LoginTest@64a8c844]" started-at="2026-05-27T16:11:35 IST" name="create" finished-at="2026-05-27T16:11:56 IST" duration-ms="21521" status="PASS">
          <reporter-output>
          </reporter-output>
        </test-method> <!-- create -->
        <test-method is-config="true" signature="close()[pri:0, instance:testCases.LoginTest@64a8c844]" started-at="2026-05-27T16:11:56 IST" name="close" finished-at="2026-05-27T16:12:01 IST" duration-ms="5314" status="PASS">
          <reporter-output>
          </reporter-output>
        </test-method> <!-- close -->
      </class> <!-- testCases.LoginTest -->
    </test> <!-- Default test -->
  </suite> <!-- Default suite -->
</testng-results>
