<?xml version="1.0" encoding="UTF-8"?>
<testng-results ignored="0" total="6" passed="6" failed="0" skipped="0">
  <reporter-output>
  </reporter-output>
  <suite started-at="2026-06-13T15:05:30 IST" name="Default suite" finished-at="2026-06-13T15:07:57 IST" duration-ms="146181">
    <groups>
    </groups>
    <test started-at="2026-06-13T15:05:30 IST" name="Default test" finished-at="2026-06-13T15:07:57 IST" duration-ms="146181">
      <class name="testCases.JharkhandVenue_loginTest">
        <test-method is-config="true" signature="loginApp()[pri:0, instance:testCases.JharkhandVenue_loginTest@485e36bc]" started-at="2026-06-13T15:05:30 IST" name="loginApp" finished-at="2026-06-13T15:05:34 IST" duration-ms="3766" status="PASS">
          <reporter-output>
          </reporter-output>
        </test-method> <!-- loginApp -->
        <test-method signature="loginAdmin()[pri:1, instance:testCases.JharkhandVenue_loginTest@485e36bc]" started-at="2026-06-13T15:05:34 IST" name="loginAdmin" finished-at="2026-06-13T15:05:41 IST" duration-ms="7181" status="PASS">
          <reporter-output>
          </reporter-output>
        </test-method> <!-- loginAdmin -->
        <test-method signature="createCluster()[pri:2, instance:testCases.JharkhandVenue_loginTest@485e36bc]" started-at="2026-06-13T15:05:41 IST" name="createCluster" finished-at="2026-06-13T15:06:06 IST" duration-ms="24524" status="PASS">
          <reporter-output>
          </reporter-output>
        </test-method> <!-- createCluster -->
        <test-method signature="CreateVenue()[pri:3, instance:testCases.JharkhandVenue_loginTest@485e36bc]" started-at="2026-06-13T15:06:06 IST" name="CreateVenue" finished-at="2026-06-13T15:06:39 IST" duration-ms="32538" status="PASS">
          <reporter-output>
          </reporter-output>
        </test-method> <!-- CreateVenue -->
        <test-method signature="createFacilities()[pri:4, instance:testCases.JharkhandVenue_loginTest@485e36bc]" started-at="2026-06-13T15:06:39 IST" name="createFacilities" finished-at="2026-06-13T15:07:07 IST" duration-ms="28126" status="PASS">
          <reporter-output>
          </reporter-output>
        </test-method> <!-- createFacilities -->
        <test-method signature="createZone()[pri:5, instance:testCases.JharkhandVenue_loginTest@485e36bc]" started-at="2026-06-13T15:07:07 IST" name="createZone" finished-at="2026-06-13T15:07:27 IST" duration-ms="20197" status="PASS">
          <reporter-output>
          </reporter-output>
        </test-method> <!-- createZone -->
        <test-method signature="createModuleManager()[pri:6, instance:testCases.JharkhandVenue_loginTest@485e36bc]" started-at="2026-06-13T15:07:27 IST" name="createModuleManager" finished-at="2026-06-13T15:07:51 IST" duration-ms="24372" status="PASS">
          <reporter-output>
          </reporter-output>
        </test-method> <!-- createModuleManager -->
        <test-method is-config="true" signature="close()[pri:0, instance:testCases.JharkhandVenue_loginTest@485e36bc]" started-at="2026-06-13T15:07:51 IST" name="close" finished-at="2026-06-13T15:07:57 IST" duration-ms="5367" status="PASS">
          <reporter-output>
          </reporter-output>
        </test-method> <!-- close -->
      </class> <!-- testCases.JharkhandVenue_loginTest -->
    </test> <!-- Default test -->
  </suite> <!-- Default suite -->
</testng-results>
