<?xml version="1.0" encoding="UTF-8"?>
<!-- Generated by org.testng.reporters.JUnitReportReporter -->
<testsuite hostname="DESKTOP-DK11ELA" failures="0" tests="6" name="testCases.JharkhandVenue_loginTest" time="136.938" errors="0" timestamp="2026-06-13T15:07:57 IST" skipped="0">
  <testcase classname="testCases.JharkhandVenue_loginTest" name="loginAdmin" time="7.181"/>
  <testcase classname="testCases.JharkhandVenue_loginTest" name="createCluster" time="24.524"/>
  <testcase classname="testCases.JharkhandVenue_loginTest" name="CreateVenue" time="32.538"/>
  <testcase classname="testCases.JharkhandVenue_loginTest" name="createFacilities" time="28.126"/>
  <testcase classname="testCases.JharkhandVenue_loginTest" name="createZone" time="20.197"/>
  <testcase classname="testCases.JharkhandVenue_loginTest" name="createModuleManager" time="24.372"/>
</testsuite> <!-- testCases.JharkhandVenue_loginTest -->
