<?xml version="1.0" encoding="UTF-8"?>
<!-- Generated by org.testng.reporters.JUnitReportReporter -->
<testsuite hostname="DESKTOP-DK11ELA" failures="0" tests="5" name="testCases.LoginTest" time="154.808" errors="0" timestamp="2026-06-04T12:46:14 IST" skipped="0">
  <testcase classname="testCases.LoginTest" name="loginAdmin" time="14.788"/>
  <testcase classname="testCases.LoginTest" name="createCluster" time="26.872"/>
  <testcase classname="testCases.LoginTest" name="CreateVenue" time="48.524"/>
  <testcase classname="testCases.LoginTest" name="createFacilities" time="40.192"/>
  <testcase classname="testCases.LoginTest" name="createZone" time="24.432"/>
</testsuite> <!-- testCases.LoginTest -->
